Microsoft (R) Macro Assembler Version 14.35.32216.1	    04/10/23 00:18:01
example.asm						     Page 1 - 1


				; Example assembly language program -- adds two numbers
				; Author:  R. Detmer
				; Date:    1/2008

				.586
				.MODEL FLAT

				INCLUDE io.h            ; header file for input/output
			      C ; IO.H -- header file for I/O macros (listing suppressed)
			      C .NOLIST      ; turn off listing
			      C .LIST        ; begin listing
			      C 

				.STACK 4096

 00000000			.DATA
 00000000 00000000		inOne   DWORD   ?
 00000004 00000000		outFact DWORD   ?
 00000008  00000028 [		temp    DWORD   40 DUP (?)
	    00000000
	   ]
 000000A8 45 6E 74 65 72	prompt1 BYTE    "Enter a number", 0
	   20 61 20 6E 75
	   6D 62 65 72 00


 00000000			.CODE
 00000000			_MainProc PROC
				        input   prompt1, temp, 40      ; read ASCII characters
				        atod    temp          ; convert to integer
 0000002D  8B C8		        mov     ecx, eax    ; store in memory
 0000002F  B8 00000001		        mov     eax, 1
 00000034  EB 00		        jmp     whileLbl

 00000036			whileLbl:
 00000036  F7 E1		        mul     ecx
 00000038  49			        dec     ecx
 00000039  75 FB		        jnz     whileLbl

				        dtoa    outFact, eax
				        output  outFact, outFact
 0000006C  B8 00000000		        mov     eax, 0  ; exit with return code 0
 00000071  C3			        ret

 00000072			_MainProc ENDP
				END                             ; end of source code

Microsoft (R) Macro Assembler Version 14.35.32216.1	    04/10/23 00:18:01
example.asm						     Symbols 2 - 1




Macros:

                N a m e                 Type

atod . . . . . . . . . . . . . .	Proc
atow . . . . . . . . . . . . . .	Proc
dtoa . . . . . . . . . . . . . .	Proc
input  . . . . . . . . . . . . .	Proc
output . . . . . . . . . . . . .	Proc
wtoa . . . . . . . . . . . . . .	Proc


Segments and Groups:

                N a m e                 Size     Length   Align   Combine Class

FLAT . . . . . . . . . . . . . .	GROUP
STACK  . . . . . . . . . . . . .	32 Bit	 00001000 Para	  Stack	  'STACK'	 
_DATA  . . . . . . . . . . . . .	32 Bit	 000000B7 Para	  Public  'DATA'	
_TEXT  . . . . . . . . . . . . .	32 Bit	 00000072 Para	  Public  'CODE'	


Procedures, parameters, and locals:

                N a m e                 Type     Value    Attr

_MainProc  . . . . . . . . . . .	P Near	 00000000 _TEXT	Length= 00000072 Public
  whileLbl . . . . . . . . . . .	L Near	 00000036 _TEXT	


Symbols:

                N a m e                 Type     Value    Attr

@CodeSize  . . . . . . . . . . .	Number	 00000000h   
@DataSize  . . . . . . . . . . .	Number	 00000000h   
@Interface . . . . . . . . . . .	Number	 00000000h   
@Model . . . . . . . . . . . . .	Number	 00000007h   
@code  . . . . . . . . . . . . .	Text   	 _TEXT
@data  . . . . . . . . . . . . .	Text   	 FLAT
@fardata?  . . . . . . . . . . .	Text   	 FLAT
@fardata . . . . . . . . . . . .	Text   	 FLAT
@stack . . . . . . . . . . . . .	Text   	 FLAT
_getInput  . . . . . . . . . . .	L Near	 00000000 FLAT	External
_showOutput  . . . . . . . . . .	L Near	 00000000 FLAT	External
atodproc . . . . . . . . . . . .	L Near	 00000000 FLAT	External
atowproc . . . . . . . . . . . .	L Near	 00000000 FLAT	External
dtoaproc . . . . . . . . . . . .	L Near	 00000000 FLAT	External
inOne  . . . . . . . . . . . . .	DWord	 00000000 _DATA	
outFact  . . . . . . . . . . . .	DWord	 00000004 _DATA	
prompt1  . . . . . . . . . . . .	Byte	 000000A8 _DATA	
temp . . . . . . . . . . . . . .	DWord	 00000008 _DATA	
wtoaproc . . . . . . . . . . . .	L Near	 00000000 FLAT	External

	   0 Warnings
	   0 Errors
